d:\desktop\model_viewer_v3\samples\hellovr_opengl\x64\debug\vc120.pdb
d:\desktop\model_viewer_v3\samples\hellovr_opengl\x64\debug\vc120.idb
d:\desktop\model_viewer_v3\samples\hellovr_opengl\x64\debug\lodepng.obj
d:\desktop\model_viewer_v3\samples\hellovr_opengl\x64\debug\matrices.obj
d:\desktop\model_viewer_v3\samples\hellovr_opengl\x64\debug\pathtools.obj
d:\desktop\model_viewer_v3\samples\hellovr_opengl\x64\debug\hellovr_opengl_main.obj
c:\users\jie_l\desktop\model_viewer_v3\samples\hellovr_opengl\x64\debug\vc140.pdb
c:\users\jie_l\desktop\model_viewer_v3\samples\hellovr_opengl\x64\debug\vc140.idb
c:\users\jie_l\desktop\model_viewer_v3\samples\hellovr_opengl\x64\debug\lodepng.obj
c:\users\jie_l\desktop\model_viewer_v3\samples\hellovr_opengl\x64\debug\matrices.obj
c:\users\jie_l\desktop\model_viewer_v3\samples\hellovr_opengl\x64\debug\pathtools.obj
c:\users\jie_l\desktop\model_viewer_v3\samples\hellovr_opengl\x64\debug\hellovr_opengl_main.obj
d:\desktop\model_viewer_v3\samples\x64\debug\hellovr_opengl.ilk
d:\desktop\model_viewer_v3\samples\x64\debug\hellovr_opengl.exe
d:\desktop\model_viewer_v3\samples\x64\debug\hellovr_opengl.pdb
c:\users\jie_l\desktop\model_viewer_v3\samples\hellovr_opengl\x64\debug\vc120.idb
c:\users\jie_l\desktop\model_viewer_v3\samples\hellovr_opengl\x64\debug\vc120.pdb
c:\users\jie_l\desktop\model_viewer_v3\samples\x64\debug\hellovr_opengl.pdb
c:\users\jie_l\desktop\model_viewer_v3\samples\hellovr_opengl\x64\debug\hellovr_opengl.tlog\cl.command.1.tlog
c:\users\jie_l\desktop\model_viewer_v3\samples\hellovr_opengl\x64\debug\hellovr_opengl.tlog\cl.read.1.tlog
c:\users\jie_l\desktop\model_viewer_v3\samples\hellovr_opengl\x64\debug\hellovr_opengl.tlog\cl.write.1.tlog
c:\users\jie_l\desktop\model_viewer_v3\samples\hellovr_opengl\x64\debug\hellovr_opengl.tlog\link-cvtres.read.1.tlog
c:\users\jie_l\desktop\model_viewer_v3\samples\hellovr_opengl\x64\debug\hellovr_opengl.tlog\link-cvtres.write.1.tlog
c:\users\jie_l\desktop\model_viewer_v3\samples\hellovr_opengl\x64\debug\hellovr_opengl.tlog\link-rc.read.1.tlog
c:\users\jie_l\desktop\model_viewer_v3\samples\hellovr_opengl\x64\debug\hellovr_opengl.tlog\link-rc.write.1.tlog
c:\users\jie_l\desktop\model_viewer_v3\samples\hellovr_opengl\x64\debug\hellovr_opengl.tlog\link.command.1.tlog
c:\users\jie_l\desktop\model_viewer_v3\samples\hellovr_opengl\x64\debug\hellovr_opengl.tlog\link.read.1.tlog
c:\users\jie_l\desktop\model_viewer_v3\samples\hellovr_opengl\x64\debug\hellovr_opengl.tlog\link.write.1.tlog
